<?xml version="1.0" encoding="UTF-8"?>
<!-- Generated by org.testng.reporters.JUnitReportReporter -->
<testsuite hostname="studentapp" name="com.rmgyantra.project.AddProject" tests="1" failures="0" timestamp="11 Jun 2020 09:57:14 GMT" time="4.139" errors="0">
  <testcase name="addSingleProjectTest" time="4.139" classname="com.rmgyantra.project.AddProject"/>
</testsuite> <!-- com.rmgyantra.project.AddProject -->
