<?xml version="1.0" encoding="UTF-8"?>
<!-- Generated by org.testng.reporters.JUnitReportReporter -->
<testsuite hostname="studentapp" name="com.rmgyantra.project.AddProjectWitONGoingStatus" tests="1" failures="0" timestamp="11 Jun 2020 10:18:58 GMT" time="3.548" errors="0">
  <testcase name="addProjectONGoingStatusTest" time="3.548" classname="com.rmgyantra.project.AddProjectWitONGoingStatus"/>
</testsuite> <!-- com.rmgyantra.project.AddProjectWitONGoingStatus -->
